FROM HERE RUSSIA CONTACTS

ЭКСПЕДИТОРЫ
2023-12-05 11:59:26,216 - ERROR - <module> : Index: 803 Exception occured in https://ati.su/gw/atiwebroot/public/v1/api/passport/GetFirm/296415, error: string indices must be integers
2023-12-05 11:59:27,243 - ERROR - <module> : Index: 801 Exception occured in https://ati.su/gw/atiwebroot/public/v1/api/passport/GetFirm/1863042, error: string indices must be integers
2023-12-05 11:59:27,723 - ERROR - <module> : Index: 802 Exception occured in https://ati.su/gw/atiwebroot/public/v1/api/passport/GetFirm/1517605, error: string indices must be integers
2023-12-05 11:59:28,423 - WARNING - <module> : Index: 806 Retrying https://ati.su/gw/atiwebroot/public/v1/api/passport/GetFirm/947088 due to error: 'atiId'
2023-12-05 11:59:29,282 - ERROR - <module> : Index: 804 Exception occured in https://ati.su/gw/atiwebroot/public/v1/api/passport/GetFirm/394001, error: string indices must be integers
2023-12-05 11:59:31,193 - WARNING - <module> : Index: 807 Retrying https://ati.su/gw/atiwebroot/public/v1/api/passport/GetFirm/949029 due to error: 'atiId'
2023-12-05 12:16:58,523 - ERROR - <module> : Index: 19394 Exception occured in https://ati.su/gw/atiwebroot/public/v1/api/passport/GetFirm/3859430, error: string indices must be integers
2023-12-05 12:19:49,512 - ERROR - <module> : Index: 22275 Exception occured in https://ati.su/gw/atiwebroot/public/v1/api/passport/GetFirm/9259023, error: Expecting value: line 1 column 1 (char 0)
2023-12-05 12:21:41,727 - ERROR - <module> : Index: 24391 Exception occured in https://ati.su/gw/atiwebroot/public/v1/api/passport/GetFirm/6353186, error: Expecting value: line 1 column 1 (char 0)
2023-12-05 12:21:41,909 - ERROR - <module> : Index: 24393 Exception occured in https://ati.su/gw/atiwebroot/public/v1/api/passport/GetFirm/5632853, error: Expecting value: line 1 column 1 (char 0)
2023-12-05 12:22:38,987 - ERROR - <module> : Index: 25338 Exception occured in https://ati.su/gw/atiwebroot/public/v1/api/passport/GetFirm/4026473, error: Expecting value: line 1 column 1 (char 0)
2023-12-05 12:22:54,909 - ERROR - <module> : Index: 25682 Exception occured in https://ati.su/gw/atiwebroot/public/v1/api/passport/GetFirm/5894320, error: Expecting value: line 1 column 1 (char 0)
2023-12-05 12:23:01,055 - ERROR - <module> : Index: 25788 Exception occured in https://ati.su/gw/atiwebroot/public/v1/api/passport/GetFirm/7443015, error: Expecting value: line 1 column 1 (char 0)
2023-12-05 12:25:49,722 - ERROR - <module> : Index: 28450 Exception occured in https://ati.su/gw/atiwebroot/public/v1/api/passport/GetFirm/6603394, error: Expecting value: line 1 column 1 (char 0)

ГРУЗОВЛАДЕЛЬЦЫ
2023-12-06 03:03:38,548 - WARNING - <module> : ALL_LINKS Retrying https://ati.su/gw/rating-page-service/public/v1/rating?atiDocs=false&atiOrders=false&autopark=false&firmTypes=3&firmTypes=6&geoId=1&geoTypeId=0&reverse=false&skip=40800&take=300&verified=false due to error: 'firms'
2023-12-06 03:03:39,760 - WARNING - <module> : ALL_LINKS Retrying https://ati.su/gw/rating-page-service/public/v1/rating?atiDocs=false&atiOrders=false&autopark=false&firmTypes=3&firmTypes=6&geoId=1&geoTypeId=0&reverse=false&skip=39900&take=300&verified=false due to error: 'firms'
2023-12-06 03:03:41,705 - WARNING - <module> : ALL_LINKS Retrying https://ati.su/gw/rating-page-service/public/v1/rating?atiDocs=false&atiOrders=false&autopark=false&firmTypes=3&firmTypes=6&geoId=1&geoTypeId=0&reverse=false&skip=40500&take=300&verified=false due to error: 'firms'
2023-12-06 03:03:46,109 - WARNING - <module> : ALL_LINKS Retrying https://ati.su/gw/rating-page-service/public/v1/rating?atiDocs=false&atiOrders=false&autopark=false&firmTypes=3&firmTypes=6&geoId=1&geoTypeId=0&reverse=false&skip=40500&take=300&verified=false due to error: 'firms'
2023-12-06 03:23:08,909 - ERROR - <module> : Index: 27782 Exception occured in https://ati.su/gw/atiwebroot/public/v1/api/passport/GetFirm/4707862, error: Expecting value: line 1 column 1 (char 0)
2023-12-06 03:23:28,261 - ERROR - <module> : Index: 28272 Exception occured in https://ati.su/gw/atiwebroot/public/v1/api/passport/GetFirm/7113803, error: Expecting value: line 1 column 1 (char 0)
2023-12-06 03:24:28,807 - ERROR - <module> : Index: 29761 Exception occured in https://ati.su/gw/atiwebroot/public/v1/api/passport/GetFirm/5594611, error: Expecting value: line 1 column 1 (char 0)
2023-12-06 03:25:54,738 - ERROR - <module> : Index: 31902 Exception occured in https://ati.su/gw/atiwebroot/public/v1/api/passport/GetFirm/4358236, error: Expecting value: line 1 column 1 (char 0)
2023-12-06 03:26:21,779 - ERROR - <module> : Index: 32583 Exception occured in https://ati.su/gw/atiwebroot/public/v1/api/passport/GetFirm/9231783, error: Expecting value: line 1 column 1 (char 0)
2023-12-06 03:26:32,842 - ERROR - <module> : Index: 32864 Exception occured in https://ati.su/gw/atiwebroot/public/v1/api/passport/GetFirm/7940906, error: Expecting value: line 1 column 1 (char 0)
2023-12-06 03:26:48,145 - ERROR - <module> : Index: 33163 Exception occured in https://ati.su/gw/atiwebroot/public/v1/api/passport/GetFirm/5802912, error: Expecting value: line 1 column 1 (char 0)
2023-12-06 03:26:51,437 - ERROR - <module> : Index: 33218 Exception occured in https://ati.su/gw/atiwebroot/public/v1/api/passport/GetFirm/4761251, error: Expecting value: line 1 column 1 (char 0)
2023-12-06 03:27:25,027 - ERROR - <module> : Index: 33976 Exception occured in https://ati.su/gw/atiwebroot/public/v1/api/passport/GetFirm/5579120, error: Expecting value: line 1 column 1 (char 0)
2023-12-06 03:27:50,561 - ERROR - <module> : Index: 34506 Exception occured in https://ati.su/gw/atiwebroot/public/v1/api/passport/GetFirm/6762329, error: Expecting value: line 1 column 1 (char 0)
2023-12-06 03:27:58,812 - ERROR - <module> : Index: 34718 Exception occured in https://ati.su/gw/atiwebroot/public/v1/api/passport/GetFirm/8610083, error: Expecting value: line 1 column 1 (char 0)
2023-12-06 03:28:18,700 - ERROR - <module> : Index: 35168 Exception occured in https://ati.su/gw/atiwebroot/public/v1/api/passport/GetFirm/2737751, error: Expecting value: line 1 column 1 (char 0)
2023-12-06 03:28:39,168 - ERROR - <module> : Index: 35505 Exception occured in https://ati.su/gw/atiwebroot/public/v1/api/passport/GetFirm/9501431, error: Expecting value: line 1 column 1 (char 0)
2023-12-06 03:28:53,316 - ERROR - <module> : Index: 35806 Exception occured in https://ati.su/gw/atiwebroot/public/v1/api/passport/GetFirm/7322177, error: Expecting value: line 1 column 1 (char 0)
2023-12-06 03:29:33,088 - ERROR - <module> : Index: 36644 Exception occured in https://ati.su/gw/atiwebroot/public/v1/api/passport/GetFirm/8900943, error: Expecting value: line 1 column 1 (char 0)

ПЕРЕВОЗЧИКИ
2023-12-06 04:08:24,095 - INFO - <module> : Time Sleep: 7
2023-12-06 04:08:31,046 - INFO - <module> : Time Sleep: 14
2023-12-06 04:08:38,029 - INFO - <module> : Time Sleep: 21
2023-12-06 04:09:00,061 - INFO - <module> : Time Sleep: 28
2023-12-06 04:09:07,033 - INFO - <module> : Time Sleep: 35
2023-12-06 04:09:14,295 - INFO - <module> : Time Sleep: 42
2023-12-06 04:09:21,621 - INFO - <module> : Time Sleep: 49
2023-12-06 04:09:28,889 - INFO - <module> : Time Sleep: 56
2023-12-06 04:09:36,355 - INFO - <module> : Time Sleep: 63
2023-12-06 04:09:43,636 - INFO - <module> : Time Sleep: 70
2023-12-06 04:09:51,296 - INFO - <module> : Time Sleep: 77
2023-12-06 04:09:58,639 - INFO - <module> : Time Sleep: 84
2023-12-06 04:10:06,008 - INFO - <module> : Time Sleep: 91
2023-12-06 04:10:13,341 - INFO - <module> : Time Sleep: 98
2023-12-06 04:10:20,694 - INFO - <module> : Time Sleep: 105
2023-12-06 04:10:27,980 - INFO - <module> : Time Sleep: 112
2023-12-06 04:10:35,321 - INFO - <module> : Time Sleep: 119
2023-12-06 04:10:42,699 - INFO - <module> : Time Sleep: 126
2023-12-06 04:10:50,060 - INFO - <module> : Time Sleep: 133
2023-12-06 04:10:57,364 - INFO - <module> : Time Sleep: 140
2023-12-06 04:11:04,812 - INFO - <module> : Time Sleep: 147
2023-12-06 04:11:12,071 - INFO - <module> : Time Sleep: 154
2023-12-06 04:11:19,441 - INFO - <module> : Time Sleep: 161
2023-12-06 04:11:26,799 - INFO - <module> : Time Sleep: 168
2023-12-06 04:11:34,143 - INFO - <module> : Time Sleep: 175
2023-12-06 04:11:41,451 - INFO - <module> : Time Sleep: 182
2023-12-06 04:11:48,761 - INFO - <module> : Time Sleep: 189
2023-12-06 04:11:56,350 - INFO - <module> : Time Sleep: 196
2023-12-06 04:12:04,025 - INFO - <module> : Time Sleep: 203
2023-12-06 04:12:11,298 - INFO - <module> : Time Sleep: 210
2023-12-06 04:12:18,650 - INFO - <module> : Time Sleep: 217
2023-12-06 04:12:25,969 - INFO - <module> : Time Sleep: 224
2023-12-06 04:12:33,197 - INFO - <module> : Time Sleep: 231
2023-12-06 04:12:40,564 - INFO - <module> : Time Sleep: 238
2023-12-06 04:12:47,608 - INFO - <module> : Time Sleep: 245
2023-12-06 04:12:54,481 - INFO - <module> : Time Sleep: 252
2023-12-06 04:13:01,434 - INFO - <module> : Time Sleep: 259
2023-12-06 04:13:08,489 - INFO - <module> : Time Sleep: 266
2023-12-06 04:13:15,406 - INFO - <module> : Time Sleep: 273
2023-12-06 04:13:22,325 - INFO - <module> : Time Sleep: 280
2023-12-06 04:13:29,285 - INFO - <module> : Time Sleep: 287
2023-12-06 04:13:36,249 - INFO - <module> : Time Sleep: 294
2023-12-06 04:13:43,267 - INFO - <module> : Time Sleep: 301
2023-12-06 04:13:50,186 - INFO - <module> : Time Sleep: 308
2023-12-06 04:13:57,055 - INFO - <module> : Time Sleep: 315
2023-12-06 04:14:04,009 - INFO - <module> : Time Sleep: 322
2023-12-06 04:14:10,897 - INFO - <module> : Time Sleep: 329
2023-12-06 04:14:17,786 - INFO - <module> : Time Sleep: 336
2023-12-06 04:14:24,788 - INFO - <module> : Time Sleep: 343
2023-12-06 04:14:31,711 - INFO - <module> : Time Sleep: 350
2023-12-06 04:14:38,671 - INFO - <module> : Time Sleep: 357
2023-12-06 04:14:46,676 - INFO - <module> : Time Sleep: 364
2023-12-06 04:14:53,595 - INFO - <module> : Time Sleep: 371
2023-12-06 04:15:00,490 - INFO - <module> : Time Sleep: 378
2023-12-06 04:15:07,502 - INFO - <module> : Time Sleep: 385
2023-12-06 04:15:14,365 - INFO - <module> : Time Sleep: 392
2023-12-06 04:15:21,330 - INFO - <module> : Time Sleep: 399
2023-12-06 04:15:28,275 - INFO - <module> : Time Sleep: 406
2023-12-06 04:15:35,228 - INFO - <module> : Time Sleep: 413
2023-12-06 04:15:42,281 - INFO - <module> : Time Sleep: 420
2023-12-06 04:15:49,229 - INFO - <module> : Time Sleep: 427
